<?xml version="1.0" encoding="UTF-8"?>
<coverage generated="1487555056273" clover="3.2.0">
  <project timestamp="1487555056273" name="All files">
    <metrics statements="76" coveredstatements="50" conditionals="26" coveredconditionals="9" methods="10" coveredmethods="6" elements="112" coveredelements="65" complexity="0" loc="76" ncloc="76" packages="2" files="2" classes="2">
      <package name="Brower">
        <metrics statements="34" coveredstatements="11" conditionals="14" coveredconditionals="0" methods="5" coveredmethods="1"/>
        <file name="Brower.js" path="/Users/maizhikun/Learning/apache_sites/K-Utils/Public/Brower/Brower.js">
          <metrics statements="34" coveredstatements="11" conditionals="14" coveredconditionals="0" methods="5" coveredmethods="1"/>
          <line num="3" count="1" type="stmt"/>
          <line num="7" count="1" type="stmt"/>
          <line num="8" count="1" type="stmt"/>
          <line num="9" count="1" type="stmt"/>
          <line num="10" count="1" type="stmt"/>
          <line num="14" count="1" type="stmt"/>
          <line num="21" count="1" type="stmt"/>
          <line num="22" count="0" type="stmt"/>
          <line num="23" count="0" type="stmt"/>
          <line num="25" count="0" type="stmt"/>
          <line num="26" count="0" type="stmt"/>
          <line num="29" count="0" type="stmt"/>
          <line num="35" count="1" type="stmt"/>
          <line num="37" count="0" type="stmt"/>
          <line num="38" count="0" type="stmt"/>
          <line num="41" count="0" type="stmt"/>
          <line num="42" count="0" type="stmt"/>
          <line num="43" count="0" type="stmt"/>
          <line num="45" count="0" type="stmt"/>
          <line num="48" count="0" type="stmt"/>
          <line num="51" count="0" type="stmt"/>
          <line num="52" count="0" type="stmt"/>
          <line num="53" count="0" type="stmt"/>
          <line num="57" count="0" type="stmt"/>
          <line num="63" count="1" type="stmt"/>
          <line num="64" count="0" type="stmt"/>
          <line num="65" count="0" type="stmt"/>
          <line num="69" count="0" type="stmt"/>
          <line num="70" count="0" type="stmt"/>
          <line num="72" count="0" type="stmt"/>
          <line num="76" count="0" type="stmt"/>
          <line num="82" count="1" type="stmt"/>
          <line num="83" count="0" type="stmt"/>
          <line num="99" count="1" type="stmt"/>
        </file>
      </package>
      <package name="Common">
        <metrics statements="42" coveredstatements="39" conditionals="12" coveredconditionals="9" methods="5" coveredmethods="5"/>
        <file name="Common.js" path="/Users/maizhikun/Learning/apache_sites/K-Utils/Public/Common/Common.js">
          <metrics statements="42" coveredstatements="39" conditionals="12" coveredconditionals="9" methods="5" coveredmethods="5"/>
          <line num="3" count="1" type="stmt"/>
          <line num="4" count="1" type="stmt"/>
          <line num="5" count="1" type="stmt"/>
          <line num="7" count="1" type="stmt"/>
          <line num="8" count="1" type="stmt"/>
          <line num="14" count="1" type="stmt"/>
          <line num="17" count="1" type="stmt"/>
          <line num="18" count="1" type="stmt"/>
          <line num="19" count="1" type="stmt"/>
          <line num="20" count="1" type="stmt"/>
          <line num="22" count="1" type="stmt"/>
          <line num="23" count="1" type="stmt"/>
          <line num="24" count="1" type="stmt"/>
          <line num="25" count="2" type="stmt"/>
          <line num="26" count="2" type="stmt"/>
          <line num="28" count="1" type="stmt"/>
          <line num="31" count="1" type="stmt"/>
          <line num="32" count="1" type="stmt"/>
          <line num="44" count="1" type="stmt"/>
          <line num="45" count="1" type="stmt"/>
          <line num="47" count="1" type="stmt"/>
          <line num="48" count="1" type="stmt"/>
          <line num="49" count="1" type="stmt"/>
          <line num="51" count="1" type="stmt"/>
          <line num="52" count="1" type="stmt"/>
          <line num="53" count="1" type="stmt"/>
          <line num="55" count="1" type="stmt"/>
          <line num="56" count="3" type="stmt"/>
          <line num="57" count="2" type="stmt"/>
          <line num="61" count="1" type="stmt"/>
          <line num="62" count="1" type="stmt"/>
          <line num="63" count="1" type="stmt"/>
          <line num="65" count="1" type="stmt"/>
          <line num="68" count="1" type="stmt"/>
          <line num="69" count="2" type="stmt"/>
          <line num="70" count="2" type="stmt"/>
          <line num="71" count="2" type="stmt"/>
          <line num="73" count="0" type="stmt"/>
          <line num="74" count="0" type="stmt"/>
          <line num="76" count="0" type="stmt"/>
          <line num="79" count="2" type="stmt"/>
          <line num="82" count="1" type="stmt"/>
        </file>
      </package>
    </metrics>
  </project>
</coverage>
