{"/Users/maizhikun/Learning/apache_sites/K-Utils/Public/Brower/Brower.js": {"path":"/Users/maizhikun/Learning/apache_sites/K-Utils/Public/Brower/Brower.js","statementMap":{"0":{"start":{"line":3,"column":0},"end":{"line":3,"column":26}},"1":{"start":{"line":7,"column":13},"end":{"line":7,"column":33}},"2":{"start":{"line":8,"column":13},"end":{"line":8,"column":25}},"3":{"start":{"line":9,"column":17},"end":{"line":9,"column":50}},"4":{"start":{"line":10,"column":15},"end":{"line":13,"column":1}},"5":{"start":{"line":14,"column":18},"end":{"line":19,"column":1}},"6":{"start":{"line":21,"column":22},"end":{"line":30,"column":1}},"7":{"start":{"line":22,"column":4},"end":{"line":28,"column":5}},"8":{"start":{"line":23,"column":8},"end":{"line":23,"column":67}},"9":{"start":{"line":23,"column":58},"end":{"line":23,"column":67}},"10":{"start":{"line":25,"column":8},"end":{"line":27,"column":9}},"11":{"start":{"line":26,"column":12},"end":{"line":26,"column":29}},"12":{"start":{"line":29,"column":4},"end":{"line":29,"column":14}},"13":{"start":{"line":35,"column":24},"end":{"line":58,"column":1}},"14":{"start":{"line":37,"column":4},"end":{"line":56,"column":5}},"15":{"start":{"line":38,"column":8},"end":{"line":47,"column":22}},"16":{"start":{"line":41,"column":22},"end":{"line":41,"column":74}},"17":{"start":{"line":42,"column":12},"end":{"line":46,"column":13}},"18":{"start":{"line":43,"column":16},"end":{"line":43,"column":49}},"19":{"start":{"line":45,"column":16},"end":{"line":45,"column":31}},"20":{"start":{"line":48,"column":8},"end":{"line":48,"column":134}},"21":{"start":{"line":51,"column":8},"end":{"line":55,"column":22}},"22":{"start":{"line":52,"column":12},"end":{"line":54,"column":13}},"23":{"start":{"line":53,"column":16},"end":{"line":53,"column":162}},"24":{"start":{"line":57,"column":4},"end":{"line":57,"column":19}},"25":{"start":{"line":63,"column":15},"end":{"line":77,"column":1}},"26":{"start":{"line":64,"column":4},"end":{"line":75,"column":5}},"27":{"start":{"line":65,"column":8},"end":{"line":74,"column":22}},"28":{"start":{"line":69,"column":12},"end":{"line":73,"column":13}},"29":{"start":{"line":70,"column":16},"end":{"line":70,"column":29}},"30":{"start":{"line":72,"column":16},"end":{"line":72,"column":29}},"31":{"start":{"line":76,"column":4},"end":{"line":76,"column":16}},"32":{"start":{"line":82,"column":0},"end":{"line":97,"column":2}},"33":{"start":{"line":83,"column":22},"end":{"line":96,"column":5}},"34":{"start":{"line":99,"column":0},"end":{"line":99,"column":28}}},"fnMap":{"0":{"name":"Brower","decl":{"start":{"line":7,"column":22},"end":{"line":7,"column":28}},"loc":{"start":{"line":7,"column":31},"end":{"line":7,"column":33}}},"1":{"name":"get_brower_name","decl":{"start":{"line":21,"column":31},"end":{"line":21,"column":46}},"loc":{"start":{"line":21,"column":49},"end":{"line":30,"column":1}}},"2":{"name":"get_flash_version","decl":{"start":{"line":35,"column":33},"end":{"line":35,"column":50}},"loc":{"start":{"line":35,"column":53},"end":{"line":58,"column":1}}},"3":{"name":"get_type","decl":{"start":{"line":63,"column":24},"end":{"line":63,"column":32}},"loc":{"start":{"line":63,"column":35},"end":{"line":77,"column":1}}},"4":{"name":"(anonymous_4)","decl":{"start":{"line":82,"column":35},"end":{"line":82,"column":36}},"loc":{"start":{"line":82,"column":47},"end":{"line":97,"column":1}}}},"branchMap":{"0":{"loc":{"start":{"line":23,"column":8},"end":{"line":23,"column":67}},"type":"if","locations":[{"start":{"line":23,"column":8},"end":{"line":23,"column":67}},{"start":{"line":23,"column":8},"end":{"line":23,"column":67}}]},"1":{"loc":{"start":{"line":25,"column":8},"end":{"line":27,"column":9}},"type":"if","locations":[{"start":{"line":25,"column":8},"end":{"line":27,"column":9}},{"start":{"line":25,"column":8},"end":{"line":27,"column":9}}]},"2":{"loc":{"start":{"line":52,"column":12},"end":{"line":54,"column":13}},"type":"if","locations":[{"start":{"line":52,"column":12},"end":{"line":54,"column":13}},{"start":{"line":52,"column":12},"end":{"line":54,"column":13}}]},"3":{"loc":{"start":{"line":53,"column":24},"end":{"line":53,"column":104}},"type":"binary-expr","locations":[{"start":{"line":53,"column":24},"end":{"line":53,"column":64}},{"start":{"line":53,"column":68},"end":{"line":53,"column":104}}]},"4":{"loc":{"start":{"line":64,"column":4},"end":{"line":75,"column":5}},"type":"if","locations":[{"start":{"line":64,"column":4},"end":{"line":75,"column":5}},{"start":{"line":64,"column":4},"end":{"line":75,"column":5}}]},"5":{"loc":{"start":{"line":64,"column":8},"end":{"line":64,"column":193}},"type":"binary-expr","locations":[{"start":{"line":64,"column":8},"end":{"line":64,"column":47}},{"start":{"line":64,"column":51},"end":{"line":64,"column":193}}]},"6":{"loc":{"start":{"line":69,"column":12},"end":{"line":73,"column":13}},"type":"if","locations":[{"start":{"line":69,"column":12},"end":{"line":73,"column":13}},{"start":{"line":69,"column":12},"end":{"line":73,"column":13}}]}},"s":{"0":1,"1":1,"2":1,"3":1,"4":1,"5":1,"6":1,"7":0,"8":0,"9":0,"10":0,"11":0,"12":0,"13":1,"14":0,"15":0,"16":0,"17":0,"18":0,"19":0,"20":0,"21":0,"22":0,"23":0,"24":0,"25":1,"26":0,"27":0,"28":0,"29":0,"30":0,"31":0,"32":1,"33":0,"34":1},"f":{"0":1,"1":0,"2":0,"3":0,"4":0},"b":{"0":[0,0],"1":[0,0],"2":[0,0],"3":[0,0],"4":[0,0],"5":[0,0],"6":[0,0]},"_coverageSchema":"332fd63041d2c1bcb487cc26dd0d5f7d97098a6c","hash":"a809d46c8e15ad4438ea2a6bbc287a4966089f81"}
,"/Users/maizhikun/Learning/apache_sites/K-Utils/Public/Common/Common.js": {"path":"/Users/maizhikun/Learning/apache_sites/K-Utils/Public/Common/Common.js","statementMap":{"0":{"start":{"line":3,"column":0},"end":{"line":3,"column":26}},"1":{"start":{"line":4,"column":13},"end":{"line":4,"column":33}},"2":{"start":{"line":5,"column":14},"end":{"line":5,"column":26}},"3":{"start":{"line":7,"column":14},"end":{"line":15,"column":1}},"4":{"start":{"line":8,"column":18},"end":{"line":13,"column":30}},"5":{"start":{"line":14,"column":4},"end":{"line":14,"column":29}},"6":{"start":{"line":17,"column":21},"end":{"line":29,"column":1}},"7":{"start":{"line":18,"column":17},"end":{"line":18,"column":21}},"8":{"start":{"line":19,"column":14},"end":{"line":19,"column":16}},"9":{"start":{"line":20,"column":4},"end":{"line":20,"column":37}},"10":{"start":{"line":20,"column":23},"end":{"line":20,"column":37}},"11":{"start":{"line":22,"column":16},"end":{"line":22,"column":43}},"12":{"start":{"line":23,"column":4},"end":{"line":23,"column":49}},"13":{"start":{"line":23,"column":37},"end":{"line":23,"column":49}},"14":{"start":{"line":24,"column":4},"end":{"line":27,"column":5}},"15":{"start":{"line":25,"column":8},"end":{"line":25,"column":34}},"16":{"start":{"line":26,"column":8},"end":{"line":26,"column":48}},"17":{"start":{"line":28,"column":4},"end":{"line":28,"column":18}},"18":{"start":{"line":31,"column":0},"end":{"line":66,"column":2}},"19":{"start":{"line":32,"column":17},"end":{"line":41,"column":5}},"20":{"start":{"line":44,"column":4},"end":{"line":44,"column":33}},"21":{"start":{"line":45,"column":4},"end":{"line":45,"column":38}},"22":{"start":{"line":45,"column":24},"end":{"line":45,"column":38}},"23":{"start":{"line":47,"column":4},"end":{"line":47,"column":41}},"24":{"start":{"line":48,"column":4},"end":{"line":48,"column":22}},"25":{"start":{"line":49,"column":4},"end":{"line":49,"column":48}},"26":{"start":{"line":51,"column":4},"end":{"line":51,"column":55}},"27":{"start":{"line":52,"column":4},"end":{"line":52,"column":38}},"28":{"start":{"line":53,"column":4},"end":{"line":53,"column":36}},"29":{"start":{"line":55,"column":4},"end":{"line":59,"column":5}},"30":{"start":{"line":56,"column":8},"end":{"line":58,"column":9}},"31":{"start":{"line":57,"column":12},"end":{"line":57,"column":52}},"32":{"start":{"line":61,"column":4},"end":{"line":61,"column":50}},"33":{"start":{"line":62,"column":4},"end":{"line":62,"column":47}},"34":{"start":{"line":63,"column":4},"end":{"line":63,"column":30}},"35":{"start":{"line":65,"column":4},"end":{"line":65,"column":18}},"36":{"start":{"line":68,"column":0},"end":{"line":80,"column":2}},"37":{"start":{"line":69,"column":12},"end":{"line":69,"column":14}},"38":{"start":{"line":70,"column":4},"end":{"line":78,"column":5}},"39":{"start":{"line":71,"column":8},"end":{"line":71,"column":56}},"40":{"start":{"line":73,"column":8},"end":{"line":77,"column":9}},"41":{"start":{"line":74,"column":12},"end":{"line":74,"column":40}},"42":{"start":{"line":76,"column":12},"end":{"line":76,"column":20}},"43":{"start":{"line":79,"column":4},"end":{"line":79,"column":13}},"44":{"start":{"line":82,"column":0},"end":{"line":82,"column":29}}},"fnMap":{"0":{"name":"Common","decl":{"start":{"line":4,"column":22},"end":{"line":4,"column":28}},"loc":{"start":{"line":4,"column":31},"end":{"line":4,"column":33}}},"1":{"name":"_is_url","decl":{"start":{"line":7,"column":23},"end":{"line":7,"column":30}},"loc":{"start":{"line":7,"column":36},"end":{"line":15,"column":1}}},"2":{"name":"_get_url_param","decl":{"start":{"line":17,"column":30},"end":{"line":17,"column":44}},"loc":{"start":{"line":17,"column":53},"end":{"line":29,"column":1}}},"3":{"name":"(anonymous_3)","decl":{"start":{"line":31,"column":32},"end":{"line":31,"column":33}},"loc":{"start":{"line":31,"column":47},"end":{"line":66,"column":1}}},"4":{"name":"(anonymous_4)","decl":{"start":{"line":68,"column":26},"end":{"line":68,"column":27}},"loc":{"start":{"line":68,"column":41},"end":{"line":80,"column":1}}}},"branchMap":{"0":{"loc":{"start":{"line":20,"column":4},"end":{"line":20,"column":37}},"type":"if","locations":[{"start":{"line":20,"column":4},"end":{"line":20,"column":37}},{"start":{"line":20,"column":4},"end":{"line":20,"column":37}}]},"1":{"loc":{"start":{"line":23,"column":4},"end":{"line":23,"column":49}},"type":"if","locations":[{"start":{"line":23,"column":4},"end":{"line":23,"column":49}},{"start":{"line":23,"column":4},"end":{"line":23,"column":49}}]},"2":{"loc":{"start":{"line":23,"column":8},"end":{"line":23,"column":35}},"type":"binary-expr","locations":[{"start":{"line":23,"column":8},"end":{"line":23,"column":13}},{"start":{"line":23,"column":17},"end":{"line":23,"column":35}}]},"3":{"loc":{"start":{"line":45,"column":4},"end":{"line":45,"column":38}},"type":"if","locations":[{"start":{"line":45,"column":4},"end":{"line":45,"column":38}},{"start":{"line":45,"column":4},"end":{"line":45,"column":38}}]},"4":{"loc":{"start":{"line":53,"column":18},"end":{"line":53,"column":35}},"type":"binary-expr","locations":[{"start":{"line":53,"column":18},"end":{"line":53,"column":29}},{"start":{"line":53,"column":33},"end":{"line":53,"column":35}}]},"5":{"loc":{"start":{"line":56,"column":8},"end":{"line":58,"column":9}},"type":"if","locations":[{"start":{"line":56,"column":8},"end":{"line":58,"column":9}},{"start":{"line":56,"column":8},"end":{"line":58,"column":9}}]}},"s":{"0":1,"1":1,"2":1,"3":1,"4":1,"5":1,"6":1,"7":1,"8":1,"9":1,"10":0,"11":1,"12":1,"13":1,"14":1,"15":2,"16":2,"17":1,"18":1,"19":1,"20":1,"21":1,"22":0,"23":1,"24":1,"25":1,"26":1,"27":1,"28":1,"29":1,"30":3,"31":2,"32":1,"33":1,"34":1,"35":1,"36":1,"37":2,"38":2,"39":2,"40":0,"41":0,"42":0,"43":2,"44":1},"f":{"0":1,"1":1,"2":1,"3":1,"4":2},"b":{"0":[0,1],"1":[1,0],"2":[1,1],"3":[0,1],"4":[1,1],"5":[2,1]},"_coverageSchema":"332fd63041d2c1bcb487cc26dd0d5f7d97098a6c","hash":"574bcab6ec150cd36cf800c450e31ef78cde6c9e"}
}
