TN:
SF:/Users/maizhikun/Learning/apache_sites/K-Utils/Public/Brower/Brower.js
FN:7,Brower
FN:21,get_brower_name
FN:35,get_flash_version
FN:63,get_type
FN:82,(anonymous_4)
FNF:5
FNH:1
FNDA:1,Brower
FNDA:0,get_brower_name
FNDA:0,get_flash_version
FNDA:0,get_type
FNDA:0,(anonymous_4)
DA:3,1
DA:7,1
DA:8,1
DA:9,1
DA:10,1
DA:14,1
DA:21,1
DA:22,0
DA:23,0
DA:25,0
DA:26,0
DA:29,0
DA:35,1
DA:37,0
DA:38,0
DA:41,0
DA:42,0
DA:43,0
DA:45,0
DA:48,0
DA:51,0
DA:52,0
DA:53,0
DA:57,0
DA:63,1
DA:64,0
DA:65,0
DA:69,0
DA:70,0
DA:72,0
DA:76,0
DA:82,1
DA:83,0
DA:99,1
LF:34
LH:11
BRDA:23,0,0,0
BRDA:23,0,1,0
BRDA:25,1,0,0
BRDA:25,1,1,0
BRDA:52,2,0,0
BRDA:52,2,1,0
BRDA:53,3,0,0
BRDA:53,3,1,0
BRDA:64,4,0,0
BRDA:64,4,1,0
BRDA:64,5,0,0
BRDA:64,5,1,0
BRDA:69,6,0,0
BRDA:69,6,1,0
BRF:14
BRH:0
end_of_record
TN:
SF:/Users/maizhikun/Learning/apache_sites/K-Utils/Public/Common/Common.js
FN:4,Common
FN:7,_is_url
FN:17,_get_url_param
FN:31,(anonymous_3)
FN:68,(anonymous_4)
FNF:5
FNH:5
FNDA:1,Common
FNDA:1,_is_url
FNDA:1,_get_url_param
FNDA:1,(anonymous_3)
FNDA:2,(anonymous_4)
DA:3,1
DA:4,1
DA:5,1
DA:7,1
DA:8,1
DA:14,1
DA:17,1
DA:18,1
DA:19,1
DA:20,1
DA:22,1
DA:23,1
DA:24,1
DA:25,2
DA:26,2
DA:28,1
DA:31,1
DA:32,1
DA:44,1
DA:45,1
DA:47,1
DA:48,1
DA:49,1
DA:51,1
DA:52,1
DA:53,1
DA:55,1
DA:56,3
DA:57,2
DA:61,1
DA:62,1
DA:63,1
DA:65,1
DA:68,1
DA:69,2
DA:70,2
DA:71,2
DA:73,0
DA:74,0
DA:76,0
DA:79,2
DA:82,1
LF:42
LH:39
BRDA:20,0,0,0
BRDA:20,0,1,1
BRDA:23,1,0,1
BRDA:23,1,1,0
BRDA:23,2,0,1
BRDA:23,2,1,1
BRDA:45,3,0,0
BRDA:45,3,1,1
BRDA:53,4,0,1
BRDA:53,4,1,1
BRDA:56,5,0,2
BRDA:56,5,1,1
BRF:12
BRH:9
end_of_record
